[2016-09-26 16:29:09 #20616.0]	WARNING	swServer_signal_hanlder: Fatal Error: manager process exit. status=0, signal=0.
[2016-09-26 16:30:37 #20737.0]	WARNING	swServer_signal_hanlder: Fatal Error: manager process exit. status=0, signal=0.
[2016-09-26 16:30:46 #20768.0]	WARNING	swServer_signal_hanlder: Fatal Error: manager process exit. status=0, signal=0.
[2016-09-26 16:31:27 *20780.2]	ERROR	zm_deactivate_swoole (ERROR 103): Fatal error: Class '\Controller\MongoController' not found in /opt/work/iphp/lib/AppServer.php on line 37.
[2016-09-26 16:31:27 $20769.0]	WARNING	swManager_check_exit_status: worker#2 abnormal exit, status=255, signal=0
[2016-09-26 16:33:27 *20859.2]	ERROR	zm_deactivate_swoole (ERROR 103): Fatal error: Class '\Controller\MongoController' not found in /opt/work/iphp/lib/AppServer.php on line 37.
[2016-09-26 16:33:27 $20769.0]	WARNING	swManager_check_exit_status: worker#2 abnormal exit, status=255, signal=0
[2016-09-26 16:59:19 #22739.0]	WARNING	swServer_signal_hanlder: Fatal Error: manager process exit. status=0, signal=0.
[2016-09-26 16:59:23 $22740.0]	WARNING	swManager_check_exit_status: worker#2 abnormal exit, status=255, signal=0
[2016-09-26 17:00:55 #22875.0]	WARNING	swServer_signal_hanlder: Fatal Error: manager process exit. status=0, signal=0.
[2016-09-26 17:01:15 #22989.0]	WARNING	swServer_signal_hanlder: Fatal Error: manager process exit. status=0, signal=0.
[2016-09-26 17:02:51 #23108.0]	WARNING	swServer_signal_hanlder: Fatal Error: manager process exit. status=0, signal=0.
[2016-09-26 17:02:55 *23120.2]	ERROR	zm_deactivate_swoole (ERROR 103): Fatal error: Uncaught exception 'Exception' with message 'Template file <font color='red'>Tpl/default/indexcontroller/index.php</font> not exist!' in /opt/work/iphp/lib/Controller.php:91
Stack trace:
#0 /opt/work/iphp/lib/Controller.php(61): lib\Controller->tpl('index.php')
#1 /opt/work/mongoadmin/Controller/IndexController.php(12): lib\Controller->display('index.php')
#2 /opt/work/iphp/lib/AppServer.php(39): Controller\IndexController->index()
#3 [internal function]: lib\
[2016-09-26 17:02:55 $23109.0]	WARNING	swManager_check_exit_status: worker#2 abnormal exit, status=255, signal=0
[2016-09-26 17:12:32 #23753.0]	WARNING	swServer_signal_hanlder: Fatal Error: manager process exit. status=0, signal=0.
[2016-09-26 17:12:44 *23765.2]	ERROR	zm_deactivate_swoole (ERROR 103): Fatal error: Uncaught exception 'Exception' with message 'Template file <font color='red'>Tpl/default/index/index.php</font> not exist!' in /opt/work/iphp/lib/Controller.php:92
Stack trace:
#0 /opt/work/iphp/lib/Controller.php(62): lib\Controller->tpl('index.php')
#1 /opt/work/mongoadmin/Controller/IndexController.php(12): lib\Controller->display('index.php')
#2 /opt/work/iphp/lib/AppServer.php(39): Controller\IndexController->index()
#3 [internal function]: lib\AppServer-
[2016-09-26 17:12:44 $23754.0]	WARNING	swManager_check_exit_status: worker#2 abnormal exit, status=255, signal=0
[2016-09-26 17:13:11 #23841.0]	WARNING	swServer_signal_hanlder: Fatal Error: manager process exit. status=0, signal=0.
[2016-09-26 17:13:15 *23853.2]	ERROR	zm_deactivate_swoole (ERROR 103): Fatal error: Call to undefined function Controller\get() in /opt/work/mongoadmin/Controller/BaseController.php on line 47.
[2016-09-26 17:13:15 $23842.0]	WARNING	swManager_check_exit_status: worker#2 abnormal exit, status=255, signal=0
[2016-09-26 17:14:26 #23943.0]	WARNING	swServer_signal_hanlder: Fatal Error: manager process exit. status=0, signal=0.
[2016-09-26 17:14:31 *23955.2]	ERROR	zm_deactivate_swoole (ERROR 103): Fatal error: Call to undefined method Controller\IndexController::location() in /dev/shm/iphp/mongoadmin/tpls/default/public/header.php on line 30.
[2016-09-26 17:14:31 $23944.0]	WARNING	swManager_check_exit_status: worker#2 abnormal exit, status=255, signal=0
[2016-09-26 17:15:56 #24039.0]	WARNING	swServer_signal_hanlder: Fatal Error: manager process exit. status=0, signal=0.
[2016-09-26 17:17:47 #24192.0]	WARNING	swServer_signal_hanlder: Fatal Error: manager process exit. status=0, signal=0.
[2016-09-26 17:17:53 *24204.2]	ERROR	zm_deactivate_swoole (ERROR 103): Fatal error: Declaration of lib\db\Mongodb::update() must be compatible with lib\db\db::update($where, $data) in /opt/work/iphp/lib/db/Mongodb.php on line 5.
[2016-09-26 17:17:53 $24193.0]	WARNING	swManager_check_exit_status: worker#2 abnormal exit, status=255, signal=0
[2016-09-26 17:18:15 *24205.3]	ERROR	zm_deactivate_swoole (ERROR 103): Fatal error: Declaration of lib\db\Mongodb::update() must be compatible with lib\db\db::update($where, $data) in /opt/work/iphp/lib/db/Mongodb.php on line 5.
[2016-09-26 17:18:15 $24193.0]	WARNING	swManager_check_exit_status: worker#3 abnormal exit, status=255, signal=0
[2016-09-26 17:19:53 #24351.0]	WARNING	swServer_signal_hanlder: Fatal Error: manager process exit. status=0, signal=0.
[2016-09-26 17:23:03 #24621.0]	WARNING	swServer_signal_hanlder: Fatal Error: manager process exit. status=0, signal=0.
[2016-09-26 17:24:20 *24633.2]	ERROR	zm_deactivate_swoole (ERROR 103): Fatal error: Class '\Controller\InfoController' not found in /opt/work/iphp/lib/AppServer.php on line 37.
[2016-09-26 17:24:20 $24622.0]	WARNING	swManager_check_exit_status: worker#2 abnormal exit, status=255, signal=0
[2016-09-26 17:24:48 #24729.0]	WARNING	swServer_signal_hanlder: Fatal Error: manager process exit. status=0, signal=0.
[2016-09-26 17:24:53 *24741.2]	ERROR	zm_deactivate_swoole (ERROR 103): Fatal error: Call to a member function order() on null in /opt/work/mongoadmin/Controller/InfoController.php on line 59.
[2016-09-26 17:24:53 $24730.0]	WARNING	swManager_check_exit_status: worker#2 abnormal exit, status=255, signal=0
[2016-09-26 17:28:16 #25008.0]	WARNING	swServer_signal_hanlder: Fatal Error: manager process exit. status=0, signal=0.
[2016-09-26 17:28:19 *25020.2]	ERROR	zm_deactivate_swoole (ERROR 103): Fatal error: Uncaught exception 'MongoException' with message 'zero-length keys are not allowed, did you use $ with double quotes?' in /opt/work/iphp/lib/db/Mongodb.php:100
Stack trace:
#0 /opt/work/iphp/lib/db/Mongodb.php(100): MongoCollection->insert(Array)
#1 /opt/work/iphp/lib/Error.php(79): lib\db\Mongodb->insert(Array)
#2 /opt/work/mongoadmin/Controller/InfoController.php(62): lib\Error->error(2, 'Invalid argumen...', '/opt/work/mongo...', 62, Array)
#3 /opt/work/iph
[2016-09-26 17:28:19 $25009.0]	WARNING	swManager_check_exit_status: worker#2 abnormal exit, status=255, signal=0
[2016-09-26 17:29:56 #25103.0]	WARNING	swServer_signal_hanlder: Fatal Error: manager process exit. status=0, signal=0.
[2016-09-26 17:30:00 *25115.2]	ERROR	zm_deactivate_swoole (ERROR 103): Fatal error: Call to undefined function cur_url() in /dev/shm/iphp/mongoadmin/tpls/default/info/info.php on line 30.
[2016-09-26 17:30:00 $25104.0]	WARNING	swManager_check_exit_status: worker#2 abnormal exit, status=255, signal=0
[2016-09-26 17:31:34 #25259.0]	WARNING	swServer_signal_hanlder: Fatal Error: manager process exit. status=0, signal=0.
[2016-09-26 17:31:45 *25271.2]	ERROR	zm_deactivate_swoole (ERROR 103): Fatal error: Call to undefined method Controller\InfoController::&field=error_context&id=57e8e43d14b0e0505a6af5e3() in /opt/work/iphp/lib/AppServer.php on line 39.
[2016-09-26 17:31:45 $25260.0]	WARNING	swManager_check_exit_status: worker#2 abnormal exit, status=255, signal=0
[2016-09-26 17:31:48 *25272.3]	ERROR	zm_deactivate_swoole (ERROR 103): Fatal error: Call to undefined method Controller\InfoController::&field=error_context&id=57e8e43f14b0e0505a6af5e4() in /opt/work/iphp/lib/AppServer.php on line 39.
[2016-09-26 17:31:48 $25260.0]	WARNING	swManager_check_exit_status: worker#3 abnormal exit, status=255, signal=0
[2016-09-26 17:31:50 *25269.0]	ERROR	zm_deactivate_swoole (ERROR 103): Fatal error: Call to undefined method Controller\InfoController::&field=error_context&id=57e8e43f14b0e0505a6af5e5() in /opt/work/iphp/lib/AppServer.php on line 39.
[2016-09-26 17:31:50 $25260.0]	WARNING	swManager_check_exit_status: worker#0 abnormal exit, status=255, signal=0
[2016-09-26 17:32:06 *25270.1]	ERROR	zm_deactivate_swoole (ERROR 103): Fatal error: Call to undefined method Controller\InfoController::&field=error_context&id=57e8e43d14b0e0505a6af5e3() in /opt/work/iphp/lib/AppServer.php on line 39.
[2016-09-26 17:32:06 $25260.0]	WARNING	swManager_check_exit_status: worker#1 abnormal exit, status=255, signal=0
[2016-09-26 17:32:07 *25289.2]	ERROR	zm_deactivate_swoole (ERROR 103): Fatal error: Call to undefined method Controller\InfoController::&field=error_context&id=57e8e43d14b0e0505a6af5e3() in /opt/work/iphp/lib/AppServer.php on line 39.
[2016-09-26 17:32:07 $25260.0]	WARNING	swManager_check_exit_status: worker#2 abnormal exit, status=255, signal=0
[2016-09-26 17:32:09 *25294.3]	ERROR	zm_deactivate_swoole (ERROR 103): Fatal error: Call to undefined method Controller\InfoController::&field=error_context&id=57e8ea3314b0e0bc61943550() in /opt/work/iphp/lib/AppServer.php on line 39.
[2016-09-26 17:32:09 $25260.0]	WARNING	swManager_check_exit_status: worker#3 abnormal exit, status=255, signal=0
[2016-09-26 17:32:24 *25368.3]	ERROR	zm_deactivate_swoole (ERROR 103): Fatal error: Call to undefined method Controller\InfoController::&field=error_context&id=57e8ea3314b0e0bc6194354f() in /opt/work/iphp/lib/AppServer.php on line 39.
[2016-09-26 17:32:24 $25260.0]	WARNING	swManager_check_exit_status: worker#3 abnormal exit, status=255, signal=0
[2016-09-26 17:32:24 *25361.2]	ERROR	zm_deactivate_swoole (ERROR 103): Fatal error: Call to undefined method Controller\InfoController::&field=error_context&id=57e8e43f14b0e0505a6af5e4() in /opt/work/iphp/lib/AppServer.php on line 39.
[2016-09-26 17:32:24 $25260.0]	WARNING	swManager_check_exit_status: worker#2 abnormal exit, status=255, signal=0
[2016-09-26 17:32:24 *25299.0]	ERROR	zm_deactivate_swoole (ERROR 103): Fatal error: Call to undefined method Controller\InfoController::&field=error_context&id=57e8e43f14b0e0505a6af5e5() in /opt/work/iphp/lib/AppServer.php on line 39.
[2016-09-26 17:32:24 $25260.0]	WARNING	swManager_check_exit_status: worker#0 abnormal exit, status=255, signal=0
[2016-09-26 17:32:44 *25355.1]	ERROR	zm_deactivate_swoole (ERROR 103): Fatal error: Call to undefined method Controller\InfoController::&field=error_context&id=57e8e43f14b0e0505a6af5e5() in /opt/work/iphp/lib/AppServer.php on line 39.
[2016-09-26 17:32:44 $25260.0]	WARNING	swManager_check_exit_status: worker#1 abnormal exit, status=255, signal=0
[2016-09-26 17:33:47 *25383.2]	ERROR	zm_deactivate_swoole (ERROR 103): Fatal error: Call to undefined method Controller\InfoController::&field=error_context&id=57e8e75014b0e0f35d4ae8cc() in /opt/work/iphp/lib/AppServer.php on line 39.
[2016-09-26 17:33:47 $25260.0]	WARNING	swManager_check_exit_status: worker#2 abnormal exit, status=255, signal=0
[2016-09-26 17:34:13 *25382.3]	ERROR	zm_deactivate_swoole (ERROR 103): Fatal error: Call to undefined method Controller\InfoController::&field=error_context&id=57e8e75014b0e0f35d4ae8cc() in /opt/work/iphp/lib/AppServer.php on line 39.
[2016-09-26 17:34:13 $25260.0]	WARNING	swManager_check_exit_status: worker#3 abnormal exit, status=255, signal=0
[2016-09-26 18:07:48 #27581.0]	WARNING	swServer_signal_hanlder: Fatal Error: manager process exit. status=0, signal=0.
[2016-09-26 18:08:52 #27672.0]	WARNING	swServer_signal_hanlder: Fatal Error: manager process exit. status=0, signal=0.
[2016-09-26 18:10:28 #27837.0]	WARNING	swServer_signal_hanlder: Fatal Error: manager process exit. status=0, signal=0.
[2016-09-26 18:12:31 #27988.0]	WARNING	swServer_signal_hanlder: Fatal Error: manager process exit. status=0, signal=0.
[2016-09-26 18:15:14 #28215.0]	WARNING	swServer_signal_hanlder: Fatal Error: manager process exit. status=0, signal=0.
[2016-09-26 18:20:20 #28557.0]	WARNING	swServer_signal_hanlder: Fatal Error: manager process exit. status=0, signal=0.
[2016-09-26 18:22:59 #28709.0]	WARNING	swServer_signal_hanlder: Fatal Error: manager process exit. status=0, signal=0.
[2016-09-26 18:24:39 #28861.0]	WARNING	swServer_signal_hanlder: Fatal Error: manager process exit. status=0, signal=0.
[2016-09-26 18:26:55 #29014.0]	WARNING	swServer_signal_hanlder: Fatal Error: manager process exit. status=0, signal=0.
[2016-09-26 18:27:31 #29105.0]	WARNING	swServer_signal_hanlder: Fatal Error: manager process exit. status=0, signal=0.
[2016-09-26 18:28:13 #29189.0]	WARNING	swServer_signal_hanlder: Fatal Error: manager process exit. status=0, signal=0.
[2016-09-26 18:29:15 #29287.0]	WARNING	swServer_signal_hanlder: Fatal Error: manager process exit. status=0, signal=0.
[2016-09-26 18:29:59 #29317.0]	WARNING	swServer_signal_hanlder: Fatal Error: manager process exit. status=0, signal=0.
[2016-09-26 18:30:37 *29329.2]	ERROR	zm_deactivate_swoole (ERROR 103): Fatal error: Class '\Controller\&field=error_context&id=57e8e43d14b0e0505a6af5e3Controller' not found in /opt/work/iphp/lib/AppServer.php on line 37.
[2016-09-26 18:30:37 $29318.0]	WARNING	swManager_check_exit_status: worker#2 abnormal exit, status=255, signal=0
[2016-09-26 18:30:58 *29330.3]	ERROR	zm_deactivate_swoole (ERROR 103): Fatal error: Class '\Controller\&field=error_context&id=57e8e43d14b0e0505a6af5e3Controller' not found in /opt/work/iphp/lib/AppServer.php on line 37.
[2016-09-26 18:30:58 $29318.0]	WARNING	swManager_check_exit_status: worker#3 abnormal exit, status=255, signal=0
[2016-09-26 18:30:58 *29327.0]	ERROR	zm_deactivate_swoole (ERROR 103): Fatal error: Class '\Controller\&field=error_context&id=57e8e43d14b0e0505a6af5e3Controller' not found in /opt/work/iphp/lib/AppServer.php on line 37.
[2016-09-26 18:30:58 $29318.0]	WARNING	swManager_check_exit_status: worker#0 abnormal exit, status=255, signal=0
[2016-09-26 18:30:59 *29328.1]	ERROR	zm_deactivate_swoole (ERROR 103): Fatal error: Class '\Controller\&field=error_context&id=57e8e43d14b0e0505a6af5e3Controller' not found in /opt/work/iphp/lib/AppServer.php on line 37.
[2016-09-26 18:30:59 $29318.0]	WARNING	swManager_check_exit_status: worker#1 abnormal exit, status=255, signal=0
[2016-09-26 18:31:00 *29408.2]	ERROR	zm_deactivate_swoole (ERROR 103): Fatal error: Class '\Controller\&field=error_context&id=57e8e43d14b0e0505a6af5e3Controller' not found in /opt/work/iphp/lib/AppServer.php on line 37.
[2016-09-26 18:31:00 $29318.0]	WARNING	swManager_check_exit_status: worker#2 abnormal exit, status=255, signal=0
[2016-09-26 18:36:39 *29424.2]	ERROR	zm_deactivate_swoole (ERROR 103): Fatal error: Class '\Controller\&field=error_context&id=57e8e43d14b0e0505a6af5e3Controller' not found in /opt/work/iphp/lib/AppServer.php on line 37.
[2016-09-26 18:36:39 $29318.0]	WARNING	swManager_check_exit_status: worker#2 abnormal exit, status=255, signal=0
[2016-09-26 18:39:35 #29990.0]	WARNING	swServer_signal_hanlder: Fatal Error: manager process exit. status=0, signal=0.
[2016-09-26 18:44:30 #30330.0]	WARNING	swServer_signal_hanlder: Fatal Error: manager process exit. status=0, signal=0.
[2016-09-26 18:46:13 #30475.0]	WARNING	swServer_signal_hanlder: Fatal Error: manager process exit. status=0, signal=0.
[2016-09-26 18:47:08 #30564.0]	WARNING	swServer_signal_hanlder: Fatal Error: manager process exit. status=0, signal=0.
[2016-09-26 18:51:16 $30565.0]	WARNING	swSignal_callback: signal[1] callback is null.
[2016-09-26 18:51:16 $30565.0]	WARNING	swManager_check_exit_status: worker#0 abnormal exit, status=0, signal=1
[2016-09-26 18:51:16 $30565.0]	WARNING	swManager_check_exit_status: worker#1 abnormal exit, status=0, signal=1
[2016-09-26 18:51:16 $30565.0]	WARNING	swManager_check_exit_status: worker#2 abnormal exit, status=0, signal=1
[2016-09-26 18:51:16 $30565.0]	WARNING	swManager_check_exit_status: worker#3 abnormal exit, status=0, signal=1
[2016-09-26 23:14:32 #14969.0]	WARNING	swServer_signal_hanlder: Fatal Error: manager process exit. status=0, signal=0.
[2016-09-26 23:34:26 #16338.0]	WARNING	swServer_signal_hanlder: Fatal Error: manager process exit. status=0, signal=0.
[2016-09-26 23:37:25 #16558.0]	WARNING	swServer_signal_hanlder: Fatal Error: manager process exit. status=0, signal=0.
[2016-09-26 23:38:25 #16651.0]	WARNING	swServer_signal_hanlder: Fatal Error: manager process exit. status=0, signal=0.
[2016-09-26 23:41:59 #16906.0]	WARNING	swServer_signal_hanlder: Fatal Error: manager process exit. status=0, signal=0.
[2016-09-26 23:42:34 #16997.0]	WARNING	swServer_signal_hanlder: Fatal Error: manager process exit. status=0, signal=0.
[2016-09-26 23:44:16 #17148.0]	WARNING	swServer_signal_hanlder: Fatal Error: manager process exit. status=0, signal=0.
[2016-09-26 23:46:57 #17338.0]	WARNING	swServer_signal_hanlder: Fatal Error: manager process exit. status=0, signal=0.
[2016-09-26 23:48:12 #17496.0]	WARNING	swServer_signal_hanlder: Fatal Error: manager process exit. status=0, signal=0.
[2016-09-26 23:48:21 #17525.0]	WARNING	swServer_signal_hanlder: Fatal Error: manager process exit. status=0, signal=0.
[2016-09-26 23:50:37 #17703.0]	WARNING	swServer_signal_hanlder: Fatal Error: manager process exit. status=0, signal=0.
[2016-09-26 23:50:46 *17715.2]	ERROR	zm_deactivate_swoole (ERROR 9003): worker process is terminated by exit()/die().
[2016-09-26 23:52:06 #17848.0]	WARNING	swServer_signal_hanlder: Fatal Error: manager process exit. status=0, signal=0.
[2016-09-26 23:52:48 #17888.0]	WARNING	swServer_signal_hanlder: Fatal Error: manager process exit. status=0, signal=0.
[2016-09-26 23:56:09 #18156.0]	WARNING	swServer_signal_hanlder: Fatal Error: manager process exit. status=0, signal=0.
[2016-09-26 23:56:12 *18168.2]	ERROR	zm_deactivate_swoole (ERROR 9003): worker process is terminated by exit()/die().
[2016-09-26 23:56:57 #18196.0]	WARNING	swServer_signal_hanlder: Fatal Error: manager process exit. status=0, signal=0.
[2016-09-26 23:57:00 *18208.2]	ERROR	zm_deactivate_swoole (ERROR 9003): worker process is terminated by exit()/die().
[2016-09-26 23:58:22 #18345.0]	WARNING	swServer_signal_hanlder: Fatal Error: manager process exit. status=0, signal=0.
[2016-09-26 23:58:24 *18364.2]	ERROR	zm_deactivate_swoole (ERROR 9003): worker process is terminated by exit()/die().
[2016-09-26 23:59:55 #18446.0]	WARNING	swServer_signal_hanlder: Fatal Error: manager process exit. status=0, signal=0.
[2016-09-26 23:59:58 *18458.2]	ERROR	zm_deactivate_swoole (ERROR 9003): worker process is terminated by exit()/die().
[2016-09-27 00:00:56 #18544.0]	WARNING	swServer_signal_hanlder: Fatal Error: manager process exit. status=0, signal=0.
[2016-09-27 00:01:00 *18556.2]	ERROR	zm_deactivate_swoole (ERROR 9003): worker process is terminated by exit()/die().
[2016-09-27 00:01:46 #18658.0]	WARNING	swServer_signal_hanlder: Fatal Error: manager process exit. status=0, signal=0.
[2016-09-27 00:05:50 #18933.0]	WARNING	swServer_signal_hanlder: Fatal Error: manager process exit. status=0, signal=0.
[2016-09-27 00:07:32 #19085.0]	WARNING	swServer_signal_hanlder: Fatal Error: manager process exit. status=0, signal=0.
[2016-09-27 00:09:25 #19238.0]	WARNING	swServer_signal_hanlder: Fatal Error: manager process exit. status=0, signal=0.
[2016-09-27 00:12:24 #19451.0]	WARNING	swServer_signal_hanlder: Fatal Error: manager process exit. status=0, signal=0.
[2016-09-27 00:15:37 #19665.0]	WARNING	swServer_signal_hanlder: Fatal Error: manager process exit. status=0, signal=0.
[2016-09-27 00:18:52 #19881.0]	WARNING	swServer_signal_hanlder: Fatal Error: manager process exit. status=0, signal=0.
[2016-09-27 00:19:14 *19893.2]	ERROR	zm_deactivate_swoole (ERROR 103): Fatal error: Call to a member function fetch() on null in /opt/work/mongoadmin/Controller/InfoController.php on line 47.
[2016-09-27 00:19:14 $19882.0]	WARNING	swManager_check_exit_status: worker#2 abnormal exit, status=255, signal=0
[2016-09-27 00:19:28 *19894.3]	ERROR	zm_deactivate_swoole (ERROR 103): Fatal error: Call to a member function fetch() on null in /opt/work/mongoadmin/Controller/InfoController.php on line 47.
[2016-09-27 00:19:28 $19882.0]	WARNING	swManager_check_exit_status: worker#3 abnormal exit, status=255, signal=0
[2016-09-27 00:20:07 #20036.0]	WARNING	swServer_signal_hanlder: Fatal Error: manager process exit. status=0, signal=0.
[2016-09-27 00:21:22 #20130.0]	WARNING	swServer_signal_hanlder: Fatal Error: manager process exit. status=0, signal=0.
[2016-09-27 00:23:37 #20289.0]	WARNING	swServer_signal_hanlder: Fatal Error: manager process exit. status=0, signal=0.
[2016-09-27 00:27:38 #20565.0]	WARNING	swServer_signal_hanlder: Fatal Error: manager process exit. status=0, signal=0.
[2016-09-27 00:28:26 #20656.0]	WARNING	swServer_signal_hanlder: Fatal Error: manager process exit. status=0, signal=0.
[2016-09-27 00:29:01 #20734.0]	WARNING	swServer_signal_hanlder: Fatal Error: manager process exit. status=0, signal=0.
[2016-09-27 00:40:16 #21532.0]	WARNING	swServer_signal_hanlder: Fatal Error: manager process exit. status=0, signal=0.
[2016-09-27 00:40:54 *21544.2]	ERROR	zm_deactivate_swoole (ERROR 103): Fatal error: Call to undefined function Controller\ObjectId() in /opt/work/pandora/Controller/MongodbController.php on line 15.
[2016-09-27 00:40:54 $21533.0]	WARNING	swManager_check_exit_status: worker#2 abnormal exit, status=255, signal=0
[2016-09-27 00:46:40 #22057.0]	WARNING	swServer_signal_hanlder: Fatal Error: manager process exit. status=0, signal=0.
[2016-09-27 00:46:47 *22069.2]	ERROR	zm_deactivate_swoole (ERROR 103): Fatal error: Call to undefined function Controller\ObjectId() in /opt/work/pandora/Controller/MongodbController.php on line 15.
[2016-09-27 00:46:47 $22058.0]	WARNING	swManager_check_exit_status: worker#2 abnormal exit, status=255, signal=0
[2016-09-27 00:49:45 #22315.0]	WARNING	swServer_signal_hanlder: Fatal Error: manager process exit. status=0, signal=0.
[2016-09-27 00:50:57 #22418.0]	WARNING	swServer_signal_hanlder: Fatal Error: manager process exit. status=0, signal=0.
[2016-09-27 00:52:37 #22571.0]	WARNING	swServer_signal_hanlder: Fatal Error: manager process exit. status=0, signal=0.
[2016-09-27 00:52:56 $22572.0]	WARNING	swSignal_callback: signal[1] callback is null.
[2016-09-27 00:52:56 $22572.0]	WARNING	swManager_check_exit_status: worker#0 abnormal exit, status=0, signal=1
[2016-09-27 00:52:56 $22572.0]	WARNING	swManager_check_exit_status: worker#1 abnormal exit, status=0, signal=1
[2016-09-27 00:52:56 $22572.0]	WARNING	swManager_check_exit_status: worker#2 abnormal exit, status=0, signal=1
[2016-09-27 00:52:56 $22572.0]	WARNING	swManager_check_exit_status: worker#3 abnormal exit, status=0, signal=1
[2016-09-27 00:53:30 #22703.0]	WARNING	swServer_signal_hanlder: Fatal Error: manager process exit. status=0, signal=0.
[2016-09-27 00:55:19 #22973.0]	WARNING	swServer_signal_hanlder: Fatal Error: manager process exit. status=0, signal=0.
[2016-09-27 00:56:04 #23060.0]	WARNING	swServer_signal_hanlder: Fatal Error: manager process exit. status=0, signal=0.
[2016-09-27 00:56:47 #23103.0]	WARNING	swServer_signal_hanlder: Fatal Error: manager process exit. status=0, signal=0.
[2016-09-27 01:00:22 #23388.0]	WARNING	swServer_signal_hanlder: Fatal Error: manager process exit. status=0, signal=0.
[2016-09-27 01:04:05 #23679.0]	WARNING	swServer_signal_hanlder: Fatal Error: manager process exit. status=0, signal=0.
[2016-09-27 01:55:10 $23680.0]	WARNING	swSignal_callback: signal[1] callback is null.
[2016-09-27 01:55:10 $23680.0]	WARNING	swManager_check_exit_status: worker#0 abnormal exit, status=0, signal=1
[2016-09-27 01:55:10 $23680.0]	WARNING	swManager_check_exit_status: worker#1 abnormal exit, status=0, signal=1
[2016-09-27 01:55:10 $23680.0]	WARNING	swManager_check_exit_status: worker#2 abnormal exit, status=0, signal=1
[2016-09-27 01:55:10 $23680.0]	WARNING	swManager_check_exit_status: worker#3 abnormal exit, status=0, signal=1
[2016-09-27 11:25:34 #30165.0]	WARNING	swServer_signal_hanlder: Fatal Error: manager process exit. status=0, signal=0.
[2016-09-27 11:25:47 *30177.2]	ERROR	zm_deactivate_swoole (ERROR 103): Fatal error: Declaration of lib\db\Mongodb::multiInsert() must be compatible with lib\db\db::multiInsert() in /opt/work/iphp/lib/db/Mongodb.php on line 5.
[2016-09-27 11:25:47 $30166.0]	WARNING	swManager_check_exit_status: worker#2 abnormal exit, status=255, signal=0
[2016-09-27 11:26:52 #30266.0]	WARNING	swServer_signal_hanlder: Fatal Error: manager process exit. status=0, signal=0.
[2016-09-27 11:26:54 *30278.2]	ERROR	zm_deactivate_swoole (ERROR 103): Fatal error: Declaration of lib\db\Mongodb::delete() must be compatible with lib\db\db::delete($where) in /opt/work/iphp/lib/db/Mongodb.php on line 5.
[2016-09-27 11:26:54 $30267.0]	WARNING	swManager_check_exit_status: worker#2 abnormal exit, status=255, signal=0
[2016-09-27 11:27:14 #30353.0]	WARNING	swServer_signal_hanlder: Fatal Error: manager process exit. status=0, signal=0.
[2016-09-27 11:27:52 #30390.0]	WARNING	swServer_signal_hanlder: Fatal Error: manager process exit. status=0, signal=0.
[2016-09-27 11:27:59 *30402.2]	ERROR	zm_deactivate_swoole (ERROR 103): Fatal error: Uncaught exception 'MongoException' with message 'zero-length keys are not allowed, did you use $ with double quotes?' in /opt/work/iphp/lib/db/Mongodb.php:105
Stack trace:
#0 /opt/work/iphp/lib/db/Mongodb.php(105): MongoCollection->insert(Array, Array)
#1 /opt/work/iphp/lib/Error.php(79): lib\db\Mongodb->insert(Array)
#2 /opt/work/mongoadmin/Controller/InfoController.php(63): lib\Error->error(2, 'Invalid argumen...', '/opt/work/mongo...', 63, Array)
#3 /opt/w
[2016-09-27 11:27:59 $30391.0]	WARNING	swManager_check_exit_status: worker#2 abnormal exit, status=255, signal=0
[2016-09-27 11:29:20 #30540.0]	WARNING	swServer_signal_hanlder: Fatal Error: manager process exit. status=0, signal=0.
[2016-09-27 11:29:24 *30552.2]	ERROR	zm_deactivate_swoole (ERROR 103): Fatal error: Uncaught exception 'MongoException' with message 'zero-length keys are not allowed, did you use $ with double quotes?' in /opt/work/iphp/lib/db/Mongodb.php:105
Stack trace:
#0 /opt/work/iphp/lib/db/Mongodb.php(105): MongoCollection->insert(Array, Array)
#1 /opt/work/iphp/lib/Error.php(79): lib\db\Mongodb->insert(Array)
#2 /opt/work/mongoadmin/Controller/InfoController.php(63): lib\Error->error(2, 'Invalid argumen...', '/opt/work/mongo...', 63, Array)
#3 /opt/w
[2016-09-27 11:29:24 $30541.0]	WARNING	swManager_check_exit_status: worker#2 abnormal exit, status=255, signal=0
[2016-09-27 11:30:13 #30635.0]	WARNING	swServer_signal_hanlder: Fatal Error: manager process exit. status=0, signal=0.
[2016-09-27 11:30:32 #30665.0]	WARNING	swServer_signal_hanlder: Fatal Error: manager process exit. status=0, signal=0.
[2016-09-27 11:31:37 #30756.0]	WARNING	swServer_signal_hanlder: Fatal Error: manager process exit. status=0, signal=0.
[2016-09-27 11:36:31 #31111.0]	WARNING	swServer_signal_hanlder: Fatal Error: manager process exit. status=0, signal=0.
[2016-09-27 11:36:51 *31123.2]	ERROR	zm_deactivate_swoole (ERROR 103): Fatal error: Uncaught exception 'MongoCursorException' with message '127.0.0.1:27017: Can't canonicalize query: BadValue: Skip value must be positive, but received: -10. ' in /opt/work/iphp/lib/db/Mongodb.php:146
Stack trace:
#0 /opt/work/iphp/lib/db/Mongodb.php(146): MongoCursor->rewind()
#1 /opt/work/mongoadmin/Controller/InfoController.php(60): lib\db\Mongodb->select()
#2 /opt/work/iphp/lib/AppServer.php(39): Controller\InfoController->index()
#3 [internal function]: li
[2016-09-27 11:36:51 $31112.0]	WARNING	swManager_check_exit_status: worker#2 abnormal exit, status=255, signal=0
[2016-09-27 11:38:08 #31267.0]	WARNING	swServer_signal_hanlder: Fatal Error: manager process exit. status=0, signal=0.
[2016-09-27 11:40:12 #31425.0]	WARNING	swServer_signal_hanlder: Fatal Error: manager process exit. status=0, signal=0.
[2016-09-27 11:40:57 #31462.0]	WARNING	swServer_signal_hanlder: Fatal Error: manager process exit. status=0, signal=0.
[2016-09-27 11:44:23 #31729.0]	WARNING	swServer_signal_hanlder: Fatal Error: manager process exit. status=0, signal=0.
[2016-09-27 11:44:30 *31741.2]	ERROR	zm_deactivate_swoole (ERROR 9003): worker process is terminated by exit()/die().
[2016-09-27 11:45:13 #31824.0]	WARNING	swServer_signal_hanlder: Fatal Error: manager process exit. status=0, signal=0.
[2016-09-27 12:11:21 #1020.0]	WARNING	swServer_signal_hanlder: Fatal Error: manager process exit. status=0, signal=0.
[2016-09-27 12:20:22 #1605.0]	WARNING	swServer_signal_hanlder: Fatal Error: manager process exit. status=0, signal=0.
[2016-09-27 12:20:32 *1617.2]	ERROR	zm_deactivate_swoole (ERROR 103): Fatal error: Call to undefined method Controller\IndexController::delete() in /opt/work/iphp/lib/AppServer.php on line 39.
[2016-09-27 12:20:32 $1606.0]	WARNING	swManager_check_exit_status: worker#2 abnormal exit, status=255, signal=0
[2016-09-27 12:21:00 #1646.0]	WARNING	swServer_signal_hanlder: Fatal Error: manager process exit. status=0, signal=0.
[2016-09-27 12:21:35 #1731.0]	WARNING	swServer_signal_hanlder: Fatal Error: manager process exit. status=0, signal=0.
[2016-09-27 12:21:46 *1744.2]	ERROR	zm_deactivate_swoole (ERROR 103): Fatal error: Call to undefined method Controller\IndexController::mongo() in /opt/work/iphp/lib/AppServer.php on line 39.
[2016-09-27 12:21:46 $1732.0]	WARNING	swManager_check_exit_status: worker#2 abnormal exit, status=255, signal=0
[2016-09-27 12:22:20 #1837.0]	WARNING	swServer_signal_hanlder: Fatal Error: manager process exit. status=0, signal=0.
[2016-09-27 12:23:34 #1938.0]	WARNING	swServer_signal_hanlder: Fatal Error: manager process exit. status=0, signal=0.
[2016-09-27 12:24:59 #2036.0]	WARNING	swServer_signal_hanlder: Fatal Error: manager process exit. status=0, signal=0.
[2016-09-27 12:29:04 #2379.0]	WARNING	swServer_signal_hanlder: Fatal Error: manager process exit. status=0, signal=0.
[2016-09-27 12:30:07 #2474.0]	WARNING	swServer_signal_hanlder: Fatal Error: manager process exit. status=0, signal=0.
[2016-09-27 12:32:28 #2683.0]	WARNING	swServer_signal_hanlder: Fatal Error: manager process exit. status=0, signal=0.
[2016-09-27 12:33:04 #2768.0]	WARNING	swServer_signal_hanlder: Fatal Error: manager process exit. status=0, signal=0.
[2016-09-29 17:59:55 #15576.0]	WARNING	swServer_signal_hanlder: Fatal Error: manager process exit. status=0, signal=0.
[2016-09-30 00:06:12 #6138.0]	WARNING	swServer_signal_hanlder: Fatal Error: manager process exit. status=0, signal=0.
[2016-09-30 00:07:03 #6231.0]	WARNING	swServer_signal_hanlder: Fatal Error: manager process exit. status=0, signal=0.
[2016-09-30 00:11:51 #6588.0]	WARNING	swServer_signal_hanlder: Fatal Error: manager process exit. status=0, signal=0.
[2016-09-30 00:12:17 #6681.0]	WARNING	swServer_signal_hanlder: Fatal Error: manager process exit. status=0, signal=0.
[2016-09-30 00:12:22 #6710.0]	WARNING	swServer_signal_hanlder: Fatal Error: manager process exit. status=0, signal=0.
[2016-09-30 00:13:48 #6813.0]	WARNING	swServer_signal_hanlder: Fatal Error: manager process exit. status=0, signal=0.
[2016-09-30 00:14:57 #6920.0]	WARNING	swServer_signal_hanlder: Fatal Error: manager process exit. status=0, signal=0.
[2016-09-30 00:16:33 #7071.0]	WARNING	swServer_signal_hanlder: Fatal Error: manager process exit. status=0, signal=0.
[2016-09-30 00:17:47 #7189.0]	WARNING	swServer_signal_hanlder: Fatal Error: manager process exit. status=0, signal=0.
[2016-09-30 00:17:47 #7201.0]	WARNING	swServer_signal_hanlder: Fatal Error: manager process exit. status=0, signal=0.
[2016-09-30 00:18:42 #7334.0]	WARNING	swServer_signal_hanlder: Fatal Error: manager process exit. status=0, signal=0.
[2016-09-30 00:18:42 #7344.0]	WARNING	swServer_signal_hanlder: Fatal Error: manager process exit. status=0, signal=0.
[2016-09-30 00:19:36 #7472.0]	WARNING	swServer_signal_hanlder: Fatal Error: manager process exit. status=0, signal=0.
[2016-09-30 00:19:36 #7482.0]	WARNING	swServer_signal_hanlder: Fatal Error: manager process exit. status=0, signal=0.
[2016-09-30 00:19:49 #7541.0]	WARNING	swServer_signal_hanlder: Fatal Error: manager process exit. status=0, signal=0.
[2016-09-30 00:28:31 #8193.0]	WARNING	swServer_signal_hanlder: Fatal Error: manager process exit. status=0, signal=0.
[2016-09-30 00:28:31 #8203.0]	WARNING	swServer_signal_hanlder: Fatal Error: manager process exit. status=0, signal=0.
[2016-09-30 00:46:09 #9486.0]	WARNING	swServer_signal_hanlder: Fatal Error: manager process exit. status=0, signal=0.
[2016-09-30 00:46:09 #9496.0]	WARNING	swServer_signal_hanlder: Fatal Error: manager process exit. status=0, signal=0.
[2016-09-30 00:46:17 #9576.0]	WARNING	swServer_signal_hanlder: Fatal Error: manager process exit. status=0, signal=0.
[2016-09-30 00:46:17 #9586.0]	WARNING	swServer_signal_hanlder: Fatal Error: manager process exit. status=0, signal=0.
[2016-09-30 00:47:02 #9707.0]	WARNING	swServer_signal_hanlder: Fatal Error: manager process exit. status=0, signal=0.
[2016-09-30 00:47:17 #9773.0]	WARNING	swServer_signal_hanlder: Fatal Error: manager process exit. status=0, signal=0.
[2016-09-30 00:47:17 #9783.0]	WARNING	swServer_signal_hanlder: Fatal Error: manager process exit. status=0, signal=0.
[2016-09-30 00:48:38 #9933.0]	WARNING	swServer_signal_hanlder: Fatal Error: manager process exit. status=0, signal=0.
[2016-09-30 00:48:38 #9943.0]	WARNING	swServer_signal_hanlder: Fatal Error: manager process exit. status=0, signal=0.
[2016-09-30 00:56:00 #10568.0]	WARNING	swServer_signal_hanlder: Fatal Error: manager process exit. status=0, signal=0.
[2016-09-30 00:56:00 #10578.0]	WARNING	swServer_signal_hanlder: Fatal Error: manager process exit. status=0, signal=0.
[2016-09-30 00:57:35 #10778.0]	WARNING	swServer_signal_hanlder: Fatal Error: manager process exit. status=0, signal=0.
[2016-09-30 00:57:35 #10788.0]	WARNING	swServer_signal_hanlder: Fatal Error: manager process exit. status=0, signal=0.
[2016-09-30 01:00:35 #11066.0]	WARNING	swServer_signal_hanlder: Fatal Error: manager process exit. status=0, signal=0.
[2016-09-30 01:00:35 #11076.0]	WARNING	swServer_signal_hanlder: Fatal Error: manager process exit. status=0, signal=0.
[2016-09-30 01:07:08 #11656.0]	WARNING	swServer_signal_hanlder: Fatal Error: manager process exit. status=0, signal=0.
[2016-09-30 01:07:08 #11666.0]	WARNING	swServer_signal_hanlder: Fatal Error: manager process exit. status=0, signal=0.
[2016-09-30 01:07:21 #11746.0]	WARNING	swServer_signal_hanlder: Fatal Error: manager process exit. status=0, signal=0.
[2016-09-30 01:07:21 #11756.0]	WARNING	swServer_signal_hanlder: Fatal Error: manager process exit. status=0, signal=0.
[2016-09-30 01:08:04 #11900.0]	WARNING	swServer_signal_hanlder: Fatal Error: manager process exit. status=0, signal=0.
[2016-09-30 01:08:04 #11910.0]	WARNING	swServer_signal_hanlder: Fatal Error: manager process exit. status=0, signal=0.
[2016-09-30 01:08:40 #11999.0]	WARNING	swServer_signal_hanlder: Fatal Error: manager process exit. status=0, signal=0.
[2016-09-30 01:08:40 #12009.0]	WARNING	swServer_signal_hanlder: Fatal Error: manager process exit. status=0, signal=0.
[2016-09-30 01:08:47 #12088.0]	WARNING	swServer_signal_hanlder: Fatal Error: manager process exit. status=0, signal=0.
[2016-09-30 01:08:47 #12098.0]	WARNING	swServer_signal_hanlder: Fatal Error: manager process exit. status=0, signal=0.
[2016-09-30 01:09:26 #12240.0]	WARNING	swServer_signal_hanlder: Fatal Error: manager process exit. status=0, signal=0.
[2016-09-30 01:09:26 #12250.0]	WARNING	swServer_signal_hanlder: Fatal Error: manager process exit. status=0, signal=0.
[2016-09-30 01:12:55 #12540.0]	WARNING	swServer_signal_hanlder: Fatal Error: manager process exit. status=0, signal=0.
[2016-09-30 01:12:55 #12550.0]	WARNING	swServer_signal_hanlder: Fatal Error: manager process exit. status=0, signal=0.
[2016-09-30 01:39:40 $12542.0]	NOTICE	Server is reloading now.
[2016-09-30 01:44:37 $12542.0]	NOTICE	Server is reloading now.
[2016-09-30 01:47:06 $12552.0]	NOTICE	Server is reloading now.
[2016-09-30 01:49:31 #15222.0]	WARNING	swServer_signal_hanlder: Fatal Error: manager process exit. status=0, signal=0.
[2016-09-30 01:49:31 #15232.0]	WARNING	swServer_signal_hanlder: Fatal Error: manager process exit. status=0, signal=0.
[2016-09-30 01:49:50 $15234.0]	NOTICE	Server is reloading now.
[2016-09-30 01:50:09 $15224.0]	NOTICE	Server is reloading now.
[2016-09-30 01:50:09 $15234.0]	NOTICE	Server is reloading now.
[ERROR_LEVLE] : SYSTEM E_NOTICE
[ERROR_MESSAGE] : Trying to get property of non-object
[ERROR_LINE] : 44
[ERROR_FILE] : /opt/work/iphp/lib/db/Mongodb.php

Notice: Trying to get property of non-object in /opt/work/iphp/lib/db/Mongodb.php on line 44

Fatal error: Call to a member function insert() on null in /opt/work/iphp/lib/db/Mongodb.php on line 106
lib\Error::shutdown
[2016-09-30 11:18:29 *15392.2]	ERROR	zm_deactivate_swoole (ERROR 103): Fatal error: Call to a member function insert() on null in /opt/work/iphp/lib/db/Mongodb.php on line 106.
[2016-09-30 11:18:29 $15224.0]	WARNING	swManager_check_exit_status: worker#2 abnormal exit, status=255, signal=0
[ERROR_LEVLE] : SYSTEM E_NOTICE
[ERROR_MESSAGE] : Trying to get property of non-object
[ERROR_LINE] : 44
[ERROR_FILE] : /opt/work/iphp/lib/db/Mongodb.php

Notice: Trying to get property of non-object in /opt/work/iphp/lib/db/Mongodb.php on line 44

Fatal error: Call to a member function insert() on null in /opt/work/iphp/lib/db/Mongodb.php on line 106
lib\Error::shutdown
[2016-09-30 12:39:11 *18629.2]	ERROR	zm_deactivate_swoole (ERROR 103): Fatal error: Call to a member function insert() on null in /opt/work/iphp/lib/db/Mongodb.php on line 106.
[2016-09-30 12:39:11 $15224.0]	WARNING	swManager_check_exit_status: worker#2 abnormal exit, status=255, signal=0
[ERROR_LEVLE] : SYSTEM E_NOTICE
[ERROR_MESSAGE] : Trying to get property of non-object
[ERROR_LINE] : 44
[ERROR_FILE] : /opt/work/iphp/lib/db/Mongodb.php

Notice: Trying to get property of non-object in /opt/work/iphp/lib/db/Mongodb.php on line 44

Fatal error: Call to a member function insert() on null in /opt/work/iphp/lib/db/Mongodb.php on line 106
lib\Error::shutdown
[2016-10-01 11:32:14 *23635.2]	ERROR	zm_deactivate_swoole (ERROR 103): Fatal error: Call to a member function insert() on null in /opt/work/iphp/lib/db/Mongodb.php on line 106.
[2016-10-01 11:32:14 $15224.0]	WARNING	swManager_check_exit_status: worker#2 abnormal exit, status=255, signal=0
[ERROR_LEVLE] : SYSTEM E_NOTICE
[ERROR_MESSAGE] : Trying to get property of non-object
[ERROR_LINE] : 44
[ERROR_FILE] : /opt/work/iphp/lib/db/Mongodb.php

Notice: Trying to get property of non-object in /opt/work/iphp/lib/db/Mongodb.php on line 44

Fatal error: Call to a member function insert() on null in /opt/work/iphp/lib/db/Mongodb.php on line 106
lib\Error::shutdown
[2016-10-03 02:11:28 *12142.2]	ERROR	zm_deactivate_swoole (ERROR 103): Fatal error: Call to a member function insert() on null in /opt/work/iphp/lib/db/Mongodb.php on line 106.
[2016-10-03 02:11:28 $15224.0]	WARNING	swManager_check_exit_status: worker#2 abnormal exit, status=255, signal=0
[ERROR_LEVLE] : SYSTEM E_NOTICE
[ERROR_MESSAGE] : Trying to get property of non-object
[ERROR_LINE] : 44
[ERROR_FILE] : /opt/work/iphp/lib/db/Mongodb.php

Notice: Trying to get property of non-object in /opt/work/iphp/lib/db/Mongodb.php on line 44

Fatal error: Call to a member function insert() on null in /opt/work/iphp/lib/db/Mongodb.php on line 106
lib\Error::shutdown
[2016-10-03 22:27:00 *26933.2]	ERROR	zm_deactivate_swoole (ERROR 103): Fatal error: Call to a member function insert() on null in /opt/work/iphp/lib/db/Mongodb.php on line 106.
[2016-10-03 22:27:00 $15224.0]	WARNING	swManager_check_exit_status: worker#2 abnormal exit, status=255, signal=0
[ERROR_LEVLE] : SYSTEM E_NOTICE
[ERROR_MESSAGE] : Trying to get property of non-object
[ERROR_LINE] : 44
[ERROR_FILE] : /opt/work/iphp/lib/db/Mongodb.php

Notice: Trying to get property of non-object in /opt/work/iphp/lib/db/Mongodb.php on line 44

Fatal error: Call to a member function insert() on null in /opt/work/iphp/lib/db/Mongodb.php on line 106
lib\Error::shutdown
[2016-10-04 10:45:58 *5629.2]	ERROR	zm_deactivate_swoole (ERROR 103): Fatal error: Call to a member function insert() on null in /opt/work/iphp/lib/db/Mongodb.php on line 106.
[2016-10-04 10:45:58 $15224.0]	WARNING	swManager_check_exit_status: worker#2 abnormal exit, status=255, signal=0
[ERROR_LEVLE] : SYSTEM E_NOTICE
[ERROR_MESSAGE] : Trying to get property of non-object
[ERROR_LINE] : 44
[ERROR_FILE] : /opt/work/iphp/lib/db/Mongodb.php

Notice: Trying to get property of non-object in /opt/work/iphp/lib/db/Mongodb.php on line 44

Fatal error: Call to a member function insert() on null in /opt/work/iphp/lib/db/Mongodb.php on line 106
lib\Error::shutdown
[2016-10-04 18:40:52 *19250.2]	ERROR	zm_deactivate_swoole (ERROR 103): Fatal error: Call to a member function insert() on null in /opt/work/iphp/lib/db/Mongodb.php on line 106.
[2016-10-04 18:40:52 $15224.0]	WARNING	swManager_check_exit_status: worker#2 abnormal exit, status=255, signal=0
[ERROR_LEVLE] : SYSTEM E_NOTICE
[ERROR_MESSAGE] : Trying to get property of non-object
[ERROR_LINE] : 44
[ERROR_FILE] : /opt/work/iphp/lib/db/Mongodb.php

Notice: Trying to get property of non-object in /opt/work/iphp/lib/db/Mongodb.php on line 44

Fatal error: Call to a member function insert() on null in /opt/work/iphp/lib/db/Mongodb.php on line 106
lib\Error::shutdown
[2016-10-05 04:43:00 *16497.2]	ERROR	zm_deactivate_swoole (ERROR 103): Fatal error: Call to a member function insert() on null in /opt/work/iphp/lib/db/Mongodb.php on line 106.
[2016-10-05 04:43:00 $15224.0]	WARNING	swManager_check_exit_status: worker#2 abnormal exit, status=255, signal=0
[ERROR_LEVLE] : SYSTEM E_NOTICE
[ERROR_MESSAGE] : Trying to get property of non-object
[ERROR_LINE] : 44
[ERROR_FILE] : /opt/work/iphp/lib/db/Mongodb.php

Notice: Trying to get property of non-object in /opt/work/iphp/lib/db/Mongodb.php on line 44

Fatal error: Call to a member function insert() on null in /opt/work/iphp/lib/db/Mongodb.php on line 106
lib\Error::shutdown
[2016-10-05 12:06:48 *26933.2]	ERROR	zm_deactivate_swoole (ERROR 103): Fatal error: Call to a member function insert() on null in /opt/work/iphp/lib/db/Mongodb.php on line 106.
[2016-10-05 12:06:49 $15224.0]	WARNING	swManager_check_exit_status: worker#2 abnormal exit, status=255, signal=0
[ERROR_LEVLE] : SYSTEM E_NOTICE
[ERROR_MESSAGE] : Trying to get property of non-object
[ERROR_LINE] : 44
[ERROR_FILE] : /opt/work/iphp/lib/db/Mongodb.php

Notice: Trying to get property of non-object in /opt/work/iphp/lib/db/Mongodb.php on line 44

Fatal error: Call to a member function insert() on null in /opt/work/iphp/lib/db/Mongodb.php on line 106
lib\Error::shutdown
[2016-10-05 14:28:55 *22257.2]	ERROR	zm_deactivate_swoole (ERROR 103): Fatal error: Call to a member function insert() on null in /opt/work/iphp/lib/db/Mongodb.php on line 106.
[2016-10-05 14:28:55 $15224.0]	WARNING	swManager_check_exit_status: worker#2 abnormal exit, status=255, signal=0
[ERROR_LEVLE] : SYSTEM E_NOTICE
[ERROR_MESSAGE] : Trying to get property of non-object
[ERROR_LINE] : 44
[ERROR_FILE] : /opt/work/iphp/lib/db/Mongodb.php

Notice: Trying to get property of non-object in /opt/work/iphp/lib/db/Mongodb.php on line 44

Fatal error: Call to a member function insert() on null in /opt/work/iphp/lib/db/Mongodb.php on line 106
lib\Error::shutdown
[2016-10-06 09:50:21 *31018.2]	ERROR	zm_deactivate_swoole (ERROR 103): Fatal error: Call to a member function insert() on null in /opt/work/iphp/lib/db/Mongodb.php on line 106.
[2016-10-06 09:50:21 $15224.0]	WARNING	swManager_check_exit_status: worker#2 abnormal exit, status=255, signal=0
[2016-10-06 09:53:13 $15234.0]	NOTICE	Server is reloading now.

Fatal error: Class '\Controller\AppController' not found in /opt/work/iphp/lib/AppServer.php on line 37
lib\Error::shutdown
[2016-10-06 09:53:23 *6574.2]	ERROR	zm_deactivate_swoole (ERROR 103): Fatal error: Class '\Controller\AppController' not found in /opt/work/iphp/lib/AppServer.php on line 37.
[2016-10-06 09:53:23 $15234.0]	WARNING	swManager_check_exit_status: worker#2 abnormal exit, status=255, signal=0

Fatal error: Class '\Controller\AppController' not found in /opt/work/iphp/lib/AppServer.php on line 37
lib\Error::shutdown
[2016-10-06 09:54:30 *6588.2]	ERROR	zm_deactivate_swoole (ERROR 103): Fatal error: Class '\Controller\AppController' not found in /opt/work/iphp/lib/AppServer.php on line 37.
[2016-10-06 09:54:30 $15234.0]	WARNING	swManager_check_exit_status: worker#2 abnormal exit, status=255, signal=0
[ERROR_LEVLE] : SYSTEM E_NOTICE
[ERROR_MESSAGE] : Trying to get property of non-object
[ERROR_LINE] : 44
[ERROR_FILE] : /opt/work/iphp/lib/db/Mongodb.php

Notice: Trying to get property of non-object in /opt/work/iphp/lib/db/Mongodb.php on line 44

Fatal error: Call to a member function insert() on null in /opt/work/iphp/lib/db/Mongodb.php on line 106
lib\Error::shutdown
[2016-10-06 09:55:26 *6362.2]	ERROR	zm_deactivate_swoole (ERROR 103): Fatal error: Call to a member function insert() on null in /opt/work/iphp/lib/db/Mongodb.php on line 106.
[2016-10-06 09:55:26 $15224.0]	WARNING	swManager_check_exit_status: worker#2 abnormal exit, status=255, signal=0
[ERROR_LEVLE] : SYSTEM E_NOTICE
[ERROR_MESSAGE] : Trying to get property of non-object
[ERROR_LINE] : 44
[ERROR_FILE] : /opt/work/iphp/lib/db/Mongodb.php

Notice: Trying to get property of non-object in /opt/work/iphp/lib/db/Mongodb.php on line 44

Fatal error: Call to a member function insert() on null in /opt/work/iphp/lib/db/Mongodb.php on line 106
lib\Error::shutdown
[2016-10-06 09:55:28 *6785.2]	ERROR	zm_deactivate_swoole (ERROR 103): Fatal error: Call to a member function insert() on null in /opt/work/iphp/lib/db/Mongodb.php on line 106.
[2016-10-06 09:55:28 $15224.0]	WARNING	swManager_check_exit_status: worker#2 abnormal exit, status=255, signal=0
