04-17 22:52:53 /Users/hyd/work/iphp/appServer.php
04-17 22:53:23 /Users/hyd/work/iphp/HttpClient.php
04-18 00:56:14 /Users/hyd/work/iphp/config
04-18 00:56:38 /Users/hyd/work/iphp/config/.swoole.ini.swx
04-18 00:56:40 /Users/hyd/work/iphp/config/.swoole.ini.swp
04-18 00:58:54 /Users/hyd/work/iphp/config/swoole.ini
04-18 00:58:56 /Users/hyd/work/iphp/config/.swoole.ini.swp
04-18 00:59:35 /Users/hyd/work/iphp/config/swoole.ini
04-18 00:59:37 /Users/hyd/work/iphp/config/server.ini
04-18 01:05:49 /Users/hyd/work/iphp/config/server.ini
04-18 01:08:09 /Users/hyd/work/iphp/appServer.php
04-18 01:08:11 /Users/hyd/work/iphp/appServer.php
04-18 01:08:13 /Users/hyd/work/iphp/appServer.php
04-18 01:13:27 /Users/hyd/work/iphp/appServer.php
04-18 01:15:16 /Users/hyd/work/iphp/lib/Error.php
04-18 01:16:41 /Users/hyd/work/iphp/lib/AppServer.php
04-18 01:17:29 /Users/hyd/work/iphp/appServer.php
04-18 01:18:26 /Users/hyd/work/iphp/lib/AppServer.php
04-18 01:18:46 /Users/hyd/work/iphp/lib/AppServer.php
04-18 01:19:24 /Users/hyd/work/iphp/lib/AppServer.php
04-18 01:22:11 /Users/hyd/work/iphp/lib/HttpServer.php
04-18 01:22:13 /Users/hyd/work/iphp/lib/HttpServer.php
04-18 01:25:42 /Users/hyd/work/iphp/lib/HttpServer.php
04-18 01:26:26 /Users/hyd/work/iphp/lib/HttpServer.php
04-18 01:27:15 /Users/hyd/work/iphp/lib/HttpServer.php
04-18 01:32:15 /Users/hyd/work/iphp/iphp
04-18 01:32:42 /Users/hyd/work/iphp/iphp
04-18 01:33:01 /Users/hyd/work/iphp/iphp
04-18 01:39:13 /Users/hyd/work/iphp/iphp
04-18 01:39:15 /Users/hyd/work/iphp/iphp
04-18 01:39:18 /Users/hyd/work/iphp/iphp
04-18 01:40:07 /Users/hyd/work/iphp/iphp
04-18 01:40:46 /Users/hyd/work/iphp/iphp
04-18 01:41:21 /Users/hyd/work/iphp/iphp
04-18 01:41:32 /Users/hyd/work/iphp/iphp
04-18 01:42:52 /Users/hyd/work/iphp/iphp
